<?xml version="1.0"?>
<testsuite name="HeadlessChrome 78.0.3904 (Linux 0.0.0)" package="" timestamp="2019-11-15T02:25:26" id="0" hostname="7c2b296f072f" tests="5" errors="0" failures="0" time="1.009">
  <properties>
    <property name="browser.fullName" value="Mozilla/5.0 (X11; Linux x86_64) AppleWebKit/537.36 (KHTML, like Gecko) HeadlessChrome/78.0.3904.97 Safari/537.36"/>
  </properties>
  <testcase name="AppComponent should create the app" time="0.254" classname="AppComponent"/>
  <testcase name="PlannerComponent should create" time="0.088" classname="PlannerComponent"/>
  <testcase name="WelcomeComponent should render title" time="0.333" classname="WelcomeComponent"/>
  <testcase name="WelcomeComponent should have as title 'ixworth-ui'" time="0.211" classname="WelcomeComponent"/>
  <testcase name="WelcomeComponent should create the app" time="0.123" classname="WelcomeComponent"/>
  <system-out>
    <![CDATA[
]]>
  </system-out>
  <system-err/>
</testsuite>